<?xml version="1.0" encoding="UTF-8"?><testsuite errors="0" failures="0" name="io.swagger.petstore.petcurdtest.UserCRUDTest" skipped="0" tests="4" time="2.51" timestamp="2023-01-03T18:14:52.767Z[Europe/London]"><testcase classname="io.swagger.petstore.petcurdtest.UserCRUDTest" name="This method will create a new user record"/><testcase classname="io.swagger.petstore.petcurdtest.UserCRUDTest" name="This method will get and verify existing user record"/><testcase classname="io.swagger.petstore.petcurdtest.UserCRUDTest" name="This method will update and verify an existing user record"/><testcase classname="io.swagger.petstore.petcurdtest.UserCRUDTest" name="This method will delete and verify an existing user record"/></testsuite>